# JRE version: OpenJDK Runtime Environment Microsoft-8035246 (17.0.8+7) (build 17.0.8+7-LTS)
# Java VM: OpenJDK 64-Bit Server VM Microsoft-8035246 (17.0.8+7-LTS, mixed mode, sharing, tiered, compressed oops, compressed class ptrs, g1 gc, windows-amd64)
GC Precious Log:
 CPUs: 4 total, 4 available
 Memory: 8134M
 Large Page Support: Disabled
 NUMA Support: Disabled
 Compressed Oops: Enabled (32-bit)
 Heap Region Size: 1M
 Heap Min Capacity: 8M
 Heap Initial Capacity: 128M
 Heap Max Capacity: 2G
 Pre-touch: Disabled
 Parallel Workers: 4
 Concurrent Workers: 1
 Concurrent Refinement Workers: 4
 Periodic GC: Disabled
Heap:
 garbage-first heap   total 450560K, used 323388K [0x0000000080000000, 0x0000000100000000)
  region size 1024K, 161 young (164864K), 21 survivors (21504K)
 Metaspace       used 108152K, committed 109248K, reserved 557056K
  class space    used 15062K, committed 15552K, reserved 425984K
GC Heap History (20 events):
Event: 51.064 GC heap before
{Heap before GC invocations=65 (full 0):
 garbage-first heap   total 206848K, used 150726K [0x0000000080000000, 0x0000000100000000)
  region size 1024K, 30 young (30720K), 3 survivors (3072K)
 Metaspace       used 94473K, committed 95424K, reserved 557056K
  class space    used 13270K, committed 13696K, reserved 425984K
}
Event: 51.070 GC heap after
{Heap after GC invocations=66 (full 0):
 garbage-first heap   total 206848K, used 130479K [0x0000000080000000, 0x0000000100000000)
  region size 1024K, 4 young (4096K), 4 survivors (4096K)
 Metaspace       used 94473K, committed 95424K, reserved 557056K
  class space    used 13270K, committed 13696K, reserved 425984K
}
Event: 51.274 GC heap before
{Heap before GC invocations=66 (full 0):
 garbage-first heap   total 206848K, used 135599K [0x0000000080000000, 0x0000000100000000)
  region size 1024K, 10 young (10240K), 4 survivors (4096K)
 Metaspace       used 94729K, committed 95680K, reserved 557056K
  class space    used 13308K, committed 13696K, reserved 425984K
}
Event: 51.279 GC heap after
{Heap after GC invocations=67 (full 0):
 garbage-first heap   total 206848K, used 131267K [0x0000000080000000, 0x0000000100000000)
  region size 1024K, 2 young (2048K), 2 survivors (2048K)
 Metaspace       used 94729K, committed 95680K, reserved 557056K
  class space    used 13308K, committed 13696K, reserved 425984K
}
Event: 52.664 GC heap before
{Heap before GC invocations=67 (full 0):
 garbage-first heap   total 206848K, used 159939K [0x0000000080000000, 0x0000000100000000)
  region size 1024K, 30 young (30720K), 2 survivors (2048K)
 Metaspace       used 96666K, committed 97664K, reserved 557056K
  class space    used 13548K, committed 13952K, reserved 425984K
}
Event: 52.667 GC heap after
{Heap after GC invocations=68 (full 0):
 garbage-first heap   total 206848K, used 132534K [0x0000000080000000, 0x0000000100000000)
  region size 1024K, 3 young (3072K), 3 survivors (3072K)
 Metaspace       used 96666K, committed 97664K, reserved 557056K
  class space    used 13548K, committed 13952K, reserved 425984K
}
Event: 53.352 GC heap before
{Heap before GC invocations=69 (full 0):
 garbage-first heap   total 240640K, used 162230K [0x0000000080000000, 0x0000000100000000)
  region size 1024K, 32 young (32768K), 3 survivors (3072K)
 Metaspace       used 98197K, committed 99200K, reserved 557056K
  class space    used 13787K, committed 14208K, reserved 425984K
}
Event: 53.356 GC heap after
{Heap after GC invocations=70 (full 0):
 garbage-first heap   total 240640K, used 133839K [0x0000000080000000, 0x0000000100000000)
  region size 1024K, 3 young (3072K), 3 survivors (3072K)
 Metaspace       used 98197K, committed 99200K, reserved 557056K
  class space    used 13787K, committed 14208K, reserved 425984K
}
Event: 53.522 GC heap before
{Heap before GC invocations=70 (full 0):
 garbage-first heap   total 240640K, used 142031K [0x0000000080000000, 0x0000000100000000)
  region size 1024K, 11 young (11264K), 3 survivors (3072K)
 Metaspace       used 98584K, committed 99584K, reserved 557056K
  class space    used 13846K, committed 14272K, reserved 425984K
}
Event: 53.526 GC heap after
{Heap after GC invocations=71 (full 0):
 garbage-first heap   total 240640K, used 133816K [0x0000000080000000, 0x0000000100000000)
  region size 1024K, 1 young (1024K), 1 survivors (1024K)
 Metaspace       used 98584K, committed 99584K, reserved 557056K
  class space    used 13846K, committed 14272K, reserved 425984K
}
Event: 54.499 GC heap before
{Heap before GC invocations=71 (full 0):
 garbage-first heap   total 240640K, used 182968K [0x0000000080000000, 0x0000000100000000)
  region size 1024K, 49 young (50176K), 1 survivors (1024K)
 Metaspace       used 100165K, committed 101184K, reserved 557056K
  class space    used 14058K, committed 14464K, reserved 425984K
}
Event: 54.505 GC heap after
{Heap after GC invocations=72 (full 0):
 garbage-first heap   total 240640K, used 139276K [0x0000000080000000, 0x0000000100000000)
  region size 1024K, 6 young (6144K), 6 survivors (6144K)
 Metaspace       used 100165K, committed 101184K, reserved 557056K
  class space    used 14058K, committed 14464K, reserved 425984K
}
Event: 54.900 GC heap before
{Heap before GC invocations=73 (full 0):
 garbage-first heap   total 240640K, used 187404K [0x0000000080000000, 0x0000000100000000)
  region size 1024K, 53 young (54272K), 6 survivors (6144K)
 Metaspace       used 100365K, committed 101312K, reserved 557056K
  class space    used 14078K, committed 14464K, reserved 425984K
}
Event: 54.910 GC heap after
{Heap after GC invocations=74 (full 0):
 garbage-first heap   total 240640K, used 147550K [0x0000000080000000, 0x0000000100000000)
  region size 1024K, 7 young (7168K), 7 survivors (7168K)
 Metaspace       used 100365K, committed 101312K, reserved 557056K
  class space    used 14078K, committed 14464K, reserved 425984K
}
Event: 54.929 GC heap before
{Heap before GC invocations=74 (full 0):
 garbage-first heap   total 240640K, used 151646K [0x0000000080000000, 0x0000000100000000)
  region size 1024K, 11 young (11264K), 7 survivors (7168K)
 Metaspace       used 100367K, committed 101312K, reserved 557056K
  class space    used 14078K, committed 14464K, reserved 425984K
}
Event: 54.935 GC heap after
{Heap after GC invocations=75 (full 0):
 garbage-first heap   total 240640K, used 148752K [0x0000000080000000, 0x0000000100000000)
  region size 1024K, 1 young (1024K), 1 survivors (1024K)
 Metaspace       used 100367K, committed 101312K, reserved 557056K
  class space    used 14078K, committed 14464K, reserved 425984K
}
Event: 55.969 GC heap before
{Heap before GC invocations=75 (full 0):
 garbage-first heap   total 240640K, used 191760K [0x0000000080000000, 0x0000000100000000)
  region size 1024K, 43 young (44032K), 1 survivors (1024K)
 Metaspace       used 100729K, committed 101760K, reserved 557056K
  class space    used 14114K, committed 14528K, reserved 425984K
}
Event: 55.977 GC heap after
{Heap after GC invocations=76 (full 0):
 garbage-first heap   total 450560K, used 156001K [0x0000000080000000, 0x0000000100000000)
  region size 1024K, 6 young (6144K), 6 survivors (6144K)
 Metaspace       used 100729K, committed 101760K, reserved 557056K
  class space    used 14114K, committed 14528K, reserved 425984K
}
Event: 62.691 GC heap before
{Heap before GC invocations=76 (full 0):
 garbage-first heap   total 450560K, used 318817K [0x0000000080000000, 0x0000000100000000)
  region size 1024K, 163 young (166912K), 6 survivors (6144K)
 Metaspace       used 106786K, committed 107968K, reserved 557056K
  class space    used 14902K, committed 15424K, reserved 425984K
}
Event: 62.723 GC heap after
{Heap after GC invocations=77 (full 0):
 garbage-first heap   total 450560K, used 182076K [0x0000000080000000, 0x0000000100000000)
  region size 1024K, 21 young (21504K), 21 survivors (21504K)
 Metaspace       used 106786K, committed 107968K, reserved 557056K
  class space    used 14902K, committed 15424K, reserved 425984K
}

